<?xml version="1.0" encoding="UTF-8"?>
<testng-results ignored="0" total="1" passed="1" failed="0" skipped="0">
  <reporter-output>
  </reporter-output>
  <suite started-at="2022-04-03T19:26:47Z" name="Default suite" finished-at="2022-04-03T19:28:07Z" duration-ms="79834">
    <groups>
    </groups>
    <test started-at="2022-04-03T19:26:47Z" name="Default test" finished-at="2022-04-03T19:28:07Z" duration-ms="79834">
      <class name="com.simplilearn.Phase5_Project2.RegistrationForm">
        <test-method signature="invokeBrowser()[pri:0, instance:com.simplilearn.Phase5_Project2.RegistrationForm@14f9390f]" started-at="2022-04-03T19:26:47Z" name="invokeBrowser" finished-at="2022-04-03T19:28:07Z" duration-ms="79795" status="PASS">
          <reporter-output>
          </reporter-output>
        </test-method> <!-- invokeBrowser -->
      </class> <!-- com.simplilearn.Phase5_Project2.RegistrationForm -->
    </test> <!-- Default test -->
  </suite> <!-- Default suite -->
</testng-results>
